Started GET "/" for 127.0.0.1 at 2022-10-14 10:53:38 +0200
Processing by Rails::WelcomeController#index as HTML
  Rendering /home/piotr/.rvm/gems/ruby-3.1.2/gems/railties-7.0.4/lib/rails/templates/rails/welcome/index.html.erb
  Rendered /home/piotr/.rvm/gems/ruby-3.1.2/gems/railties-7.0.4/lib/rails/templates/rails/welcome/index.html.erb (Duration: 8.6ms | Allocations: 634)
Completed 200 OK in 98ms (Views: 29.7ms | ActiveRecord: 0.0ms | Allocations: 5094)


Started GET "/home/index" for 127.0.0.1 at 2022-10-14 12:07:39 +0200
Processing by HomeController#index as HTML
  Rendering layout layouts/application.html.erb
  Rendering home/index.html.erb within layouts/application
  Rendered home/index.html.erb within layouts/application (Duration: 5.3ms | Allocations: 333)
  Rendered layout layouts/application.html.erb (Duration: 1823.9ms | Allocations: 86670)
Completed 200 OK in 1866ms (Views: 1833.9ms | ActiveRecord: 0.0ms | Allocations: 90063)


Started GET "/home/index" for 127.0.0.1 at 2022-10-14 12:09:12 +0200
Processing by HomeController#index as HTML
  Rendering layout layouts/application.html.erb
  Rendering home/index.html.erb within layouts/application
  Rendered home/index.html.erb within layouts/application (Duration: 3.6ms | Allocations: 132)
  Rendered layout layouts/application.html.erb (Duration: 16.6ms | Allocations: 2971)
Completed 200 OK in 36ms (Views: 32.9ms | ActiveRecord: 0.0ms | Allocations: 3855)


Started GET "/home/index" for 127.0.0.1 at 2022-10-14 12:13:00 +0200
  
ActionController::RoutingError (No route matches [GET] "/home/index"):
  
Started GET "/" for 127.0.0.1 at 2022-10-14 12:14:16 +0200
Processing by HomeController#index as HTML
  Rendering layout layouts/application.html.erb
  Rendering home/index.html.erb within layouts/application
  Rendered home/index.html.erb within layouts/application (Duration: 0.2ms | Allocations: 12)
  Rendered layout layouts/application.html.erb (Duration: 57.0ms | Allocations: 13995)
Completed 200 OK in 65ms (Views: 63.8ms | Allocations: 14627)


Started GET "/" for 127.0.0.1 at 2022-10-14 12:15:52 +0200
Processing by HomeController#index as HTML
  Rendering layout layouts/application.html.erb
  Rendering home/index.html.erb within layouts/application
  Rendered home/index.html.erb within layouts/application (Duration: 3.2ms | Allocations: 335)
  Rendered layout layouts/application.html.erb (Duration: 508.7ms | Allocations: 34697)
Completed 200 OK in 538ms (Views: 522.8ms | ActiveRecord: 0.0ms | Allocations: 38090)


Started GET "/" for 127.0.0.1 at 2022-10-14 12:16:02 +0200
Processing by HomeController#index as HTML
  Rendering layout layouts/application.html.erb
  Rendering home/index.html.erb within layouts/application
  Rendered home/index.html.erb within layouts/application (Duration: 1.0ms | Allocations: 129)
  Rendered layout layouts/application.html.erb (Duration: 22.6ms | Allocations: 2935)
Completed 200 OK in 39ms (Views: 36.8ms | ActiveRecord: 0.0ms | Allocations: 3819)


Started GET "/rails/conductor/action_mailbox/ails/conductor/action_mailbox/inbound_emails/index" for 127.0.0.1 at 2022-10-14 12:19:27 +0200
  
ActionController::RoutingError (No route matches [GET] "/rails/conductor/action_mailbox/ails/conductor/action_mailbox/inbound_emails/index"):
  
Started GET "/rails/conductor/action_mailbox/ails/conductor/action_mailbox/inbound_emails/index.html" for 127.0.0.1 at 2022-10-14 12:19:32 +0200
  
ActionController::RoutingError (No route matches [GET] "/rails/conductor/action_mailbox/ails/conductor/action_mailbox/inbound_emails/index.html"):
  
Started GET "/" for 127.0.0.1 at 2022-10-14 12:20:26 +0200
Processing by HomeController#index as HTML
  Rendering layout layouts/application.html.erb
  Rendering home/index.html.erb within layouts/application
  Rendered home/index.html.erb within layouts/application (Duration: 4.0ms | Allocations: 125)
  Rendered layout layouts/application.html.erb (Duration: 223.7ms | Allocations: 34290)
Completed 200 OK in 243ms (Views: 233.5ms | ActiveRecord: 0.0ms | Allocations: 36529)


Started GET "//recede_historical_location" for 127.0.0.1 at 2022-10-14 12:22:41 +0200
Processing by Turbo::Native::NavigationController#recede as HTML
  Rendering html template
  Rendered html template (Duration: 0.2ms | Allocations: 14)
Completed 200 OK in 10ms (Views: 9.2ms | ActiveRecord: 0.0ms | Allocations: 730)


Started GET "/recede_historical_location" for 127.0.0.1 at 2022-10-14 12:22:46 +0200
Processing by Turbo::Native::NavigationController#recede as HTML
  Rendering html template
  Rendered html template (Duration: 0.1ms | Allocations: 5)
Completed 200 OK in 6ms (Views: 1.3ms | ActiveRecord: 0.0ms | Allocations: 220)


Started GET "/rails/action_mailbox/mandrill/inbound_emails" for 127.0.0.1 at 2022-10-14 12:23:10 +0200
Processing by ActionMailbox::Ingresses::Mandrill::InboundEmailsController#health_check as HTML
Filter chain halted as :ensure_configured rendered or redirected
Completed 404 Not Found in 3ms (ActiveRecord: 0.0ms | Allocations: 248)


Started GET "/" for 127.0.0.1 at 2022-10-14 12:23:19 +0200
Processing by HomeController#index as HTML
  Rendering layout layouts/application.html.erb
  Rendering home/index.html.erb within layouts/application
  Rendered home/index.html.erb within layouts/application (Duration: 0.1ms | Allocations: 9)
  Rendered layout layouts/application.html.erb (Duration: 34.6ms | Allocations: 2549)
Completed 200 OK in 42ms (Views: 40.9ms | ActiveRecord: 0.0ms | Allocations: 2856)


Started GET "/" for 127.0.0.1 at 2022-10-14 12:27:40 +0200
  
SyntaxError (/home/piotr/ruby_test/projekt1/app/controllers/home_controller.rb:4: syntax error, unexpected ')'
    for(i = 0; i <= 10; i++) {
                           ^
/home/piotr/ruby_test/projekt1/app/controllers/home_controller.rb:6: syntax error, unexpected '}', expecting ')'
    }
    ^
):
  
app/controllers/home_controller.rb:4: syntax error, unexpected ')'
app/controllers/home_controller.rb:6: syntax error, unexpected '}', expecting ')'
app/controllers/home_controller.rb:4: syntax error, unexpected ')'
app/controllers/home_controller.rb:6: syntax error, unexpected '}', expecting ')'
app/controllers/home_controller.rb:4: syntax error, unexpected ')'
app/controllers/home_controller.rb:6: syntax error, unexpected '}', expecting ')'
Started GET "/" for 127.0.0.1 at 2022-10-14 12:28:36 +0200
  
SyntaxError (/home/piotr/ruby_test/projekt1/app/controllers/home_controller.rb:6: unterminated string meets end of file
/home/piotr/ruby_test/projekt1/app/controllers/home_controller.rb:6: syntax error, unexpected end-of-input, expecting `end'):
  
app/controllers/home_controller.rb:6: unterminated string meets end of file
app/controllers/home_controller.rb:6: syntax error, unexpected end-of-input, expecting `end'
app/controllers/home_controller.rb:6: unterminated string meets end of file
app/controllers/home_controller.rb:6: syntax error, unexpected end-of-input, expecting `end'
app/controllers/home_controller.rb:6: unterminated string meets end of file
app/controllers/home_controller.rb:6: syntax error, unexpected end-of-input, expecting `end'
Started GET "/" for 127.0.0.1 at 2022-10-14 12:28:52 +0200
Processing by HomeController#index as HTML
Completed 500 Internal Server Error in 7ms (Allocations: 1462)


  
NoMethodError (undefined method `log' for nil:NilClass

    console.log("cos");
           ^^^^):
  
app/controllers/home_controller.rb:4:in `index'
Started GET "/" for 127.0.0.1 at 2022-10-14 12:54:09 +0200
Processing by HomeController#index as HTML
  Rendering layout layouts/application.html.erb
  Rendering home/index.html.erb within layouts/application
  Rendered home/index.html.erb within layouts/application (Duration: 36.4ms | Allocations: 123)
  Rendered layout layouts/application.html.erb (Duration: 549.0ms | Allocations: 14314)
Completed 200 OK in 639ms (Views: 577.8ms | Allocations: 15273)


Started GET "/" for 127.0.0.1 at 2022-10-14 13:48:42 +0200
Processing by HomeController#index as HTML
  Rendering layout layouts/application.html.erb
  Rendering home/index.html.erb within layouts/application
  Rendered home/index.html.erb within layouts/application (Duration: 7.8ms | Allocations: 123)
  Rendered layout layouts/application.html.erb (Duration: 145.7ms | Allocations: 14236)
Completed 200 OK in 169ms (Views: 162.5ms | Allocations: 15190)


Started GET "/" for 127.0.0.1 at 2022-10-14 14:13:40 +0200
Processing by HomeController#index as HTML
  Rendering layout layouts/application.html.erb
  Rendering home/index.html.erb within layouts/application
  Rendered home/index.html.erb within layouts/application (Duration: 0.3ms | Allocations: 7)
  Rendered layout layouts/application.html.erb (Duration: 45.6ms | Allocations: 2360)
Completed 200 OK in 67ms (Views: 64.9ms | Allocations: 2632)


Started GET "/" for 127.0.0.1 at 2022-10-14 14:15:21 +0200
Processing by HomeController#index as HTML
  Rendering layout layouts/application.html.erb
  Rendering home/index.html.erb within layouts/application
  Rendered home/index.html.erb within layouts/application (Duration: 16.5ms | Allocations: 128)
  Rendered layout layouts/application.html.erb (Duration: 161.2ms | Allocations: 2948)
Completed 200 OK in 248ms (Views: 218.3ms | Allocations: 3761)


Started GET "/" for 127.0.0.1 at 2022-10-14 14:15:29 +0200
Processing by HomeController#index as HTML
  Rendering layout layouts/application.html.erb
  Rendering home/index.html.erb within layouts/application
  Rendered home/index.html.erb within layouts/application (Duration: 1.7ms | Allocations: 123)
  Rendered layout layouts/application.html.erb (Duration: 24.9ms | Allocations: 2946)
Completed 200 OK in 34ms (Views: 31.5ms | Allocations: 3777)


Started GET "/" for 127.0.0.1 at 2022-10-14 14:16:39 +0200
Processing by HomeController#index as HTML
  Rendering layout layouts/application.html.erb
  Rendering home/index.html.erb within layouts/application
  Rendered home/index.html.erb within layouts/application (Duration: 4.9ms | Allocations: 123)
  Rendered layout layouts/application.html.erb (Duration: 28.5ms | Allocations: 2941)
Completed 200 OK in 41ms (Views: 36.6ms | Allocations: 3772)


Started GET "/" for 127.0.0.1 at 2022-10-14 14:17:02 +0200
Processing by HomeController#index as HTML
  Rendering layout layouts/application.html.erb
  Rendering home/index.html.erb within layouts/application
  Rendered home/index.html.erb within layouts/application (Duration: 0.9ms | Allocations: 123)
  Rendered layout layouts/application.html.erb (Duration: 13.2ms | Allocations: 2955)
Completed 200 OK in 25ms (Views: 22.2ms | Allocations: 3786)


Started GET "/" for 127.0.0.1 at 2022-10-14 14:24:23 +0200
Processing by HomeController#index as HTML
  Rendering layout layouts/application.html.erb
  Rendering home/index.html.erb within layouts/application
  Rendered home/index.html.erb within layouts/application (Duration: 1.5ms | Allocations: 123)
  Rendered home/_header.html.erb (Duration: 2.4ms | Allocations: 100)
  Rendered layout layouts/application.html.erb (Duration: 50.5ms | Allocations: 3225)
Completed 200 OK in 74ms (Views: 64.8ms | Allocations: 4056)


Started GET "/about" for 127.0.0.1 at 2022-10-14 14:24:53 +0200
  
ActionController::RoutingError (No route matches [GET] "/about"):
  
Started GET "/about" for 127.0.0.1 at 2022-10-14 14:25:34 +0200
  
ActionController::RoutingError (No route matches [GET] "/about"):
  
Started GET "/home/about" for 127.0.0.1 at 2022-10-14 14:26:32 +0200
  
ActionController::RoutingError (No route matches [GET] "/home/about"):
  
Started GET "/home/about" for 127.0.0.1 at 2022-10-14 14:28:02 +0200
Processing by HomeController#about as HTML
  Rendering layout layouts/application.html.erb
  Rendering home/about.html.erb within layouts/application
  Rendered home/about.html.erb within layouts/application (Duration: 1.4ms | Allocations: 120)
  Rendered home/_header.html.erb (Duration: 1.6ms | Allocations: 100)
  Rendered layout layouts/application.html.erb (Duration: 364.1ms | Allocations: 35168)
Completed 200 OK in 383ms (Views: 368.9ms | Allocations: 37373)


Started GET "/" for 127.0.0.1 at 2022-10-14 14:33:48 +0200
Processing by HomeController#index as HTML
  Rendering layout layouts/application.html.erb
  Rendering home/index.html.erb within layouts/application
  Rendered home/index.html.erb within layouts/application (Duration: 1.6ms | Allocations: 96)
  Rendered home/_header.html.erb (Duration: 0.1ms | Allocations: 9)
  Rendered layout layouts/application.html.erb (Duration: 23.0ms | Allocations: 2509)
Completed 200 OK in 27ms (Views: 24.6ms | Allocations: 2833)


Started GET "/" for 127.0.0.1 at 2022-10-14 14:35:28 +0200
Processing by HomeController#index as HTML
  Rendering layout layouts/application.html.erb
  Rendering home/index.html.erb within layouts/application
  Rendered home/index.html.erb within layouts/application (Duration: 0.9ms | Allocations: 123)
  Rendered home/_header.html.erb (Duration: 2.5ms | Allocations: 104)
  Rendered layout layouts/application.html.erb (Duration: 65.7ms | Allocations: 3201)
Completed 200 OK in 76ms (Views: 69.2ms | Allocations: 4018)


Started GET "/" for 127.0.0.1 at 2022-10-14 14:36:31 +0200
Processing by HomeController#index as HTML
  Rendering layout layouts/application.html.erb
  Rendering home/index.html.erb within layouts/application
  Rendered home/index.html.erb within layouts/application (Duration: 14.1ms | Allocations: 124)
  Rendered layout layouts/application.html.erb (Duration: 38.3ms | Allocations: 4674)
Completed 500 Internal Server Error in 58ms (Allocations: 5505)


  
ActionView::Template::Error (Missing partial home/_header with {:locale=>[:en], :formats=>[:html], :variants=>[], :handlers=>[:raw, :erb, :html, :builder, :ruby, :jbuilder]}.

Searched in:
  * "/home/piotr/ruby_test/projekt1/app/views"
  * "/home/piotr/.rvm/gems/ruby-3.1.2/gems/actiontext-7.0.4/app/views"
  * "/home/piotr/.rvm/gems/ruby-3.1.2/gems/actionmailbox-7.0.4/app/views"

Did you mean?  action_text/attachables/remote_image
               action_text/contents/content
               layouts/action_text/contents/content
               action_text/attachment_galleries/attachment_gallery
               action_text/attachables/missing_attachable
               active_storage/blobs/blob):
    17:   </head>
    18:   <body>
    19: 
    20:   <%= render 'home/header' %> <!-- <%= %> jak ma być wyświetlone na stronie, <% %> jak nie-->
    21: 
    22:   <div class="container">
    23:     <br>
  
app/views/layouts/application.html.erb:20
Started GET "/" for 127.0.0.1 at 2022-10-14 14:36:54 +0200
Processing by HomeController#index as HTML
  Rendering layout layouts/application.html.erb
  Rendering home/index.html.erb within layouts/application
  Rendered home/index.html.erb within layouts/application (Duration: 1.3ms | Allocations: 123)
  Rendered home/_header.html.erb (Duration: 1.0ms | Allocations: 101)
  Rendered layout layouts/application.html.erb (Duration: 26.3ms | Allocations: 3213)
Completed 200 OK in 33ms (Views: 30.8ms | Allocations: 4037)


Started GET "/" for 127.0.0.1 at 2022-10-14 14:40:15 +0200
Processing by HomeController#index as HTML
  Rendering layout layouts/application.html.erb
  Rendering home/index.html.erb within layouts/application
  Rendered home/index.html.erb within layouts/application (Duration: 3.9ms | Allocations: 123)
  Rendered home/_header.html.erb (Duration: 1.1ms | Allocations: 139)
  Rendered layout layouts/application.html.erb (Duration: 21.1ms | Allocations: 3266)
Completed 200 OK in 27ms (Views: 24.6ms | Allocations: 4096)


Started GET "/" for 127.0.0.1 at 2022-10-14 14:40:53 +0200
Processing by HomeController#index as HTML
  Rendering layout layouts/application.html.erb
  Rendering home/index.html.erb within layouts/application
  Rendered home/index.html.erb within layouts/application (Duration: 3.2ms | Allocations: 126)
  Rendered home/_header.html.erb (Duration: 1.2ms | Allocations: 139)
  Rendered layout layouts/application.html.erb (Duration: 26.7ms | Allocations: 3266)
Completed 200 OK in 34ms (Views: 30.4ms | Allocations: 4097)


Started GET "/" for 127.0.0.1 at 2022-10-14 14:41:32 +0200
Processing by HomeController#index as HTML
  Rendering layout layouts/application.html.erb
  Rendering home/index.html.erb within layouts/application
  Rendered home/index.html.erb within layouts/application (Duration: 1.6ms | Allocations: 123)
  Rendered home/_header.html.erb (Duration: 1.4ms | Allocations: 136)
  Rendered layout layouts/application.html.erb (Duration: 36.4ms | Allocations: 3236)
Completed 200 OK in 54ms (Views: 51.7ms | Allocations: 4066)


Started GET "/" for 127.0.0.1 at 2022-10-14 14:41:46 +0200
Processing by HomeController#index as HTML
  Rendering layout layouts/application.html.erb
  Rendering home/index.html.erb within layouts/application
  Rendered home/index.html.erb within layouts/application (Duration: 0.9ms | Allocations: 123)
  Rendered home/_header.html.erb (Duration: 6.2ms | Allocations: 136)
  Rendered layout layouts/application.html.erb (Duration: 24.8ms | Allocations: 3227)
Completed 200 OK in 32ms (Views: 29.0ms | Allocations: 4057)


Started GET "/" for 127.0.0.1 at 2022-10-14 14:41:59 +0200
Processing by HomeController#index as HTML
  Rendering layout layouts/application.html.erb
  Rendering home/index.html.erb within layouts/application
  Rendered home/index.html.erb within layouts/application (Duration: 1.0ms | Allocations: 123)
  Rendered home/_header.html.erb (Duration: 1.0ms | Allocations: 136)
  Rendered layout layouts/application.html.erb (Duration: 22.5ms | Allocations: 3227)
Completed 200 OK in 35ms (Views: 28.2ms | Allocations: 4057)


Started GET "/" for 127.0.0.1 at 2022-10-14 14:42:35 +0200
Processing by HomeController#index as HTML
  Rendering layout layouts/application.html.erb
  Rendering home/index.html.erb within layouts/application
  Rendered home/index.html.erb within layouts/application (Duration: 1.1ms | Allocations: 123)
  Rendered home/_header.html.erb (Duration: 6.1ms | Allocations: 136)
  Rendered layout layouts/application.html.erb (Duration: 26.8ms | Allocations: 3242)
Completed 200 OK in 38ms (Views: 34.8ms | Allocations: 4072)


Started GET "/" for 127.0.0.1 at 2022-10-14 14:43:42 +0200
Processing by HomeController#index as HTML
  Rendering layout layouts/application.html.erb
  Rendering home/index.html.erb within layouts/application
  Rendered home/index.html.erb within layouts/application (Duration: 1.3ms | Allocations: 123)
  Rendered home/_header.html.erb (Duration: 1.6ms | Allocations: 134)
  Rendered layout layouts/application.html.erb (Duration: 29.0ms | Allocations: 3231)
Completed 200 OK in 51ms (Views: 40.9ms | Allocations: 4061)


Started GET "/" for 127.0.0.1 at 2022-10-14 14:44:13 +0200
Processing by HomeController#index as HTML
  Rendering layout layouts/application.html.erb
  Rendering home/index.html.erb within layouts/application
  Rendered home/index.html.erb within layouts/application (Duration: 1.7ms | Allocations: 123)
  Rendered home/_header.html.erb (Duration: 2.3ms | Allocations: 134)
  Rendered layout layouts/application.html.erb (Duration: 25.8ms | Allocations: 3241)
Completed 200 OK in 40ms (Views: 30.7ms | Allocations: 4081)


Started GET "/" for 127.0.0.1 at 2022-10-14 14:45:05 +0200
Processing by HomeController#index as HTML
  Rendering layout layouts/application.html.erb
  Rendering home/index.html.erb within layouts/application
  Rendered home/index.html.erb within layouts/application (Duration: 1.0ms | Allocations: 123)
  Rendered home/_header.html.erb (Duration: 1.5ms | Allocations: 134)
  Rendered layout layouts/application.html.erb (Duration: 22.6ms | Allocations: 3246)
Completed 200 OK in 28ms (Views: 26.4ms | Allocations: 4076)


Started GET "/" for 127.0.0.1 at 2022-10-14 14:45:48 +0200
Processing by HomeController#index as HTML
  Rendering layout layouts/application.html.erb
  Rendering home/index.html.erb within layouts/application
  Rendered home/index.html.erb within layouts/application (Duration: 1.2ms | Allocations: 123)
  Rendered home/_header.html.erb (Duration: 1.5ms | Allocations: 134)
  Rendered layout layouts/application.html.erb (Duration: 26.4ms | Allocations: 3249)
Completed 200 OK in 44ms (Views: 32.5ms | Allocations: 4079)


Started GET "/" for 127.0.0.1 at 2022-10-14 14:46:38 +0200
Processing by HomeController#index as HTML
  Rendering layout layouts/application.html.erb
  Rendering home/index.html.erb within layouts/application
  Rendered home/index.html.erb within layouts/application (Duration: 3.2ms | Allocations: 123)
  Rendered home/_header.html.erb (Duration: 1.2ms | Allocations: 134)
  Rendered layout layouts/application.html.erb (Duration: 23.2ms | Allocations: 3243)
Completed 200 OK in 31ms (Views: 28.5ms | Allocations: 4073)


Started GET "/" for 127.0.0.1 at 2022-10-14 14:47:07 +0200
Processing by HomeController#index as HTML
  Rendering layout layouts/application.html.erb
  Rendering home/index.html.erb within layouts/application
  Rendered home/index.html.erb within layouts/application (Duration: 1.1ms | Allocations: 123)
  Rendered home/_header.html.erb (Duration: 1.2ms | Allocations: 134)
  Rendered layout layouts/application.html.erb (Duration: 25.8ms | Allocations: 3231)
Completed 200 OK in 33ms (Views: 30.5ms | Allocations: 4061)


Started GET "/" for 127.0.0.1 at 2022-10-14 14:47:39 +0200
Processing by HomeController#index as HTML
  Rendering layout layouts/application.html.erb
  Rendering home/index.html.erb within layouts/application
  Rendered home/index.html.erb within layouts/application (Duration: 0.1ms | Allocations: 7)
  Rendered home/_header.html.erb (Duration: 0.2ms | Allocations: 9)
  Rendered layout layouts/application.html.erb (Duration: 11.2ms | Allocations: 2421)
Completed 200 OK in 20ms (Views: 18.9ms | Allocations: 2692)


Started GET "/" for 127.0.0.1 at 2022-10-14 14:47:51 +0200
Processing by HomeController#index as HTML
  Rendering layout layouts/application.html.erb
  Rendering home/index.html.erb within layouts/application
  Rendered home/index.html.erb within layouts/application (Duration: 2.0ms | Allocations: 123)
  Rendered home/_header.html.erb (Duration: 1.4ms | Allocations: 134)
  Rendered layout layouts/application.html.erb (Duration: 41.9ms | Allocations: 3240)
Completed 200 OK in 55ms (Views: 52.3ms | Allocations: 4052)


Started GET "/" for 127.0.0.1 at 2022-10-14 14:48:29 +0200
Processing by HomeController#index as HTML
  Rendering layout layouts/application.html.erb
  Rendering home/index.html.erb within layouts/application
  Rendered home/index.html.erb within layouts/application (Duration: 1.8ms | Allocations: 123)
  Rendered home/_header.html.erb (Duration: 17.4ms | Allocations: 134)
  Rendered layout layouts/application.html.erb (Duration: 42.2ms | Allocations: 3240)
Completed 200 OK in 53ms (Views: 49.7ms | Allocations: 4070)


Started GET "/" for 127.0.0.1 at 2022-10-14 14:49:25 +0200
Processing by HomeController#index as HTML
  Rendering layout layouts/application.html.erb
  Rendering home/index.html.erb within layouts/application
  Rendered home/index.html.erb within layouts/application (Duration: 5.0ms | Allocations: 123)
  Rendered home/_header.html.erb (Duration: 2.2ms | Allocations: 125)
  Rendered layout layouts/application.html.erb (Duration: 30.9ms | Allocations: 3222)
Completed 200 OK in 43ms (Views: 40.7ms | Allocations: 4052)


Started GET "/" for 127.0.0.1 at 2022-10-14 14:50:23 +0200
Processing by HomeController#index as HTML
  Rendering layout layouts/application.html.erb
  Rendering home/index.html.erb within layouts/application
  Rendered home/index.html.erb within layouts/application (Duration: 1.3ms | Allocations: 123)
  Rendered home/_header.html.erb (Duration: 14.3ms | Allocations: 121)
  Rendered layout layouts/application.html.erb (Duration: 40.6ms | Allocations: 3233)
Completed 200 OK in 56ms (Views: 51.8ms | Allocations: 4063)


Started GET "/" for 127.0.0.1 at 2022-10-14 14:54:18 +0200
Processing by HomeController#index as HTML
  Rendering layout layouts/application.html.erb
  Rendering home/index.html.erb within layouts/application
  Rendered home/index.html.erb within layouts/application (Duration: 0.1ms | Allocations: 7)
  Rendered home/_header.html.erb (Duration: 0.1ms | Allocations: 9)
  Rendered layout layouts/application.html.erb (Duration: 19.4ms | Allocations: 2409)
Completed 200 OK in 23ms (Views: 21.1ms | Allocations: 2681)


Started GET "/" for 127.0.0.1 at 2022-10-14 14:54:27 +0200
Processing by HomeController#index as HTML
  Rendering layout layouts/application.html.erb
  Rendering home/index.html.erb within layouts/application
  Rendered home/index.html.erb within layouts/application (Duration: 1.8ms | Allocations: 123)
  Rendered home/_header.html.erb (Duration: 2.5ms | Allocations: 258)
  Rendered layout layouts/application.html.erb (Duration: 19.8ms | Allocations: 3358)
Completed 200 OK in 35ms (Views: 31.5ms | Allocations: 4170)


Started GET "/home/about" for 127.0.0.1 at 2022-10-14 14:54:48 +0200
Processing by HomeController#about as HTML
  Rendering layout layouts/application.html.erb
  Rendering home/about.html.erb within layouts/application
  Rendered home/about.html.erb within layouts/application (Duration: 2.9ms | Allocations: 95)
  Rendered home/_header.html.erb (Duration: 0.4ms | Allocations: 54)
  Rendered layout layouts/application.html.erb (Duration: 37.4ms | Allocations: 2543)
Completed 200 OK in 44ms (Views: 42.4ms | Allocations: 2867)


Started GET "/" for 127.0.0.1 at 2022-10-14 14:55:00 +0200
Processing by HomeController#index as HTML
  Rendering layout layouts/application.html.erb
  Rendering home/index.html.erb within layouts/application
  Rendered home/index.html.erb within layouts/application (Duration: 0.1ms | Allocations: 7)
  Rendered home/_header.html.erb (Duration: 0.3ms | Allocations: 54)
  Rendered layout layouts/application.html.erb (Duration: 39.5ms | Allocations: 2483)
Completed 200 OK in 42ms (Views: 41.4ms | Allocations: 2739)


Started GET "/" for 127.0.0.1 at 2022-10-14 14:55:02 +0200
Processing by HomeController#index as HTML
  Rendering layout layouts/application.html.erb
  Rendering home/index.html.erb within layouts/application
  Rendered home/index.html.erb within layouts/application (Duration: 0.1ms | Allocations: 7)
  Rendered home/_header.html.erb (Duration: 0.5ms | Allocations: 54)
  Rendered layout layouts/application.html.erb (Duration: 18.6ms | Allocations: 2470)
Completed 200 OK in 21ms (Views: 20.1ms | Allocations: 2726)


Started GET "/" for 127.0.0.1 at 2022-10-14 14:58:39 +0200
Processing by HomeController#index as HTML
  Rendering layout layouts/application.html.erb
  Rendering home/index.html.erb within layouts/application
  Rendered home/index.html.erb within layouts/application (Duration: 0.9ms | Allocations: 128)
  Rendered home/_header.html.erb (Duration: 2.8ms | Allocations: 1228)
  Rendered layout layouts/application.html.erb (Duration: 26.5ms | Allocations: 4321)
Completed 500 Internal Server Error in 33ms (Allocations: 5111)


  
ActionView::SyntaxErrorInTemplate (Encountered a syntax error while rendering template: check 
<nav class="navbar navbar-expand-lg bg-dark">
  <div class="container-fluid">

    <%= link_to 'App', root_path, class: "navbar-brand text-light" %> <!--Link do głównej strony-->

    <button class="navbar-toggler" type="button" data-bs-toggle="collapse" data-bs-target="#navbarSupportedContent" aria-controls="navbarSupportedContent" aria-expanded="false" aria-label="Toggle navigation">
      <span class="navbar-toggler-icon"></span>
    </button>
    <div class="collapse navbar-collapse" id="navbarSupportedContent">
      <ul class="navbar-nav me-auto mb-2 mb-lg-0">
        <li class="nav-item">
            <%= link_to 'About', home_about_path class: "nav-link text-light" %> <!--Link do podstrony (folder_plik_path)--> 
        </li>

      </ul>
      <form class="d-flex" role="search">
        <input class="form-control me-2" type="search" placeholder="Search" aria-label="Search">
        <button class="btn btn-outline-light" type="submit">Search</button>
      </form>
    </div>
  </div>
</nav>
):
1:    
2:    <nav class="navbar navbar-expand-lg bg-dark">
3:      <div class="container-fluid">
4:    
5:        <%= link_to 'App', root_path, class: "navbar-brand text-light" %> <!--Link do głównej strony-->
6:    
7:        <button class="navbar-toggler" type="button" data-bs-toggle="collapse" data-bs-target="#navbarSupportedContent" aria-controls="navbarSupportedContent" aria-expanded="false" aria-label="Toggle navigation">
8:          <span class="navbar-toggler-icon"></span>
9:        </button>
10:        <div class="collapse navbar-collapse" id="navbarSupportedContent">
11:          <ul class="navbar-nav me-auto mb-2 mb-lg-0">
12:            <li class="nav-item">
13:                <%= link_to 'About', home_about_path class: "nav-link text-light" %> <!--Link do podstrony (folder_plik_path)--> 
14:            </li>
15:    
16:          </ul>
17:          <form class="d-flex" role="search">
18:            <input class="form-control me-2" type="search" placeholder="Search" aria-label="Search">
19:            <button class="btn btn-outline-light" type="submit">Search</button>
20:          </form>
21:        </div>
22:      </div>
23:    </nav>
  
app/views/home/_header.html.erb:13: syntax error, unexpected label, expecting `do' or '{' or '('
app/views/home/_header.html.erb:13: syntax error, unexpected label, expecting `do' or '{' or '('
app/views/home/_header.html.erb:13: syntax error, unexpected label, expecting `do' or '{' or '('
app/views/home/_header.html.erb:13: syntax error, unexpected label, expecting `do' or '{' or '('
app/views/home/_header.html.erb:13: syntax error, unexpected label, expecting `do' or '{' or '('
app/views/home/_header.html.erb:13: syntax error, unexpected label, expecting `do' or '{' or '('
app/views/layouts/application.html.erb:20
Started GET "/" for 127.0.0.1 at 2022-10-14 14:58:51 +0200
Processing by HomeController#index as HTML
  Rendering layout layouts/application.html.erb
  Rendering home/index.html.erb within layouts/application
  Rendered home/index.html.erb within layouts/application (Duration: 0.1ms | Allocations: 7)
  Rendered home/_header.html.erb (Duration: 4.4ms | Allocations: 1203)
  Rendered layout layouts/application.html.erb (Duration: 19.5ms | Allocations: 3613)
Completed 500 Internal Server Error in 22ms (Allocations: 3861)


  
ActionView::SyntaxErrorInTemplate (Encountered a syntax error while rendering template: check 
<nav class="navbar navbar-expand-lg bg-dark">
  <div class="container-fluid">

    <%= link_to 'App', root_path, class: "navbar-brand text-light" %> <!--Link do głównej strony-->

    <button class="navbar-toggler" type="button" data-bs-toggle="collapse" data-bs-target="#navbarSupportedContent" aria-controls="navbarSupportedContent" aria-expanded="false" aria-label="Toggle navigation">
      <span class="navbar-toggler-icon"></span>
    </button>
    <div class="collapse navbar-collapse" id="navbarSupportedContent">
      <ul class="navbar-nav me-auto mb-2 mb-lg-0">
        <li class="nav-item">
            <%= link_to 'About', home_about_path class: "nav-link text-light" %> <!--Link do podstrony (folder_plik_path)--> 
        </li>

      </ul>
      <form class="d-flex" role="search">
        <input class="form-control me-2" type="search" placeholder="Search" aria-label="Search">
        <button class="btn btn-outline-light" type="submit">Search</button>
      </form>
    </div>
  </div>
</nav>
):
1:    
2:    <nav class="navbar navbar-expand-lg bg-dark">
3:      <div class="container-fluid">
4:    
5:        <%= link_to 'App', root_path, class: "navbar-brand text-light" %> <!--Link do głównej strony-->
6:    
7:        <button class="navbar-toggler" type="button" data-bs-toggle="collapse" data-bs-target="#navbarSupportedContent" aria-controls="navbarSupportedContent" aria-expanded="false" aria-label="Toggle navigation">
8:          <span class="navbar-toggler-icon"></span>
9:        </button>
10:        <div class="collapse navbar-collapse" id="navbarSupportedContent">
11:          <ul class="navbar-nav me-auto mb-2 mb-lg-0">
12:            <li class="nav-item">
13:                <%= link_to 'About', home_about_path class: "nav-link text-light" %> <!--Link do podstrony (folder_plik_path)--> 
14:            </li>
15:    
16:          </ul>
17:          <form class="d-flex" role="search">
18:            <input class="form-control me-2" type="search" placeholder="Search" aria-label="Search">
19:            <button class="btn btn-outline-light" type="submit">Search</button>
20:          </form>
21:        </div>
22:      </div>
23:    </nav>
  
app/views/home/_header.html.erb:13: syntax error, unexpected label, expecting `do' or '{' or '('
app/views/home/_header.html.erb:13: syntax error, unexpected label, expecting `do' or '{' or '('
app/views/home/_header.html.erb:13: syntax error, unexpected label, expecting `do' or '{' or '('
app/views/home/_header.html.erb:13: syntax error, unexpected label, expecting `do' or '{' or '('
app/views/home/_header.html.erb:13: syntax error, unexpected label, expecting `do' or '{' or '('
app/views/home/_header.html.erb:13: syntax error, unexpected label, expecting `do' or '{' or '('
app/views/layouts/application.html.erb:20
Started GET "/" for 127.0.0.1 at 2022-10-14 14:59:31 +0200
Processing by HomeController#index as HTML
  Rendering layout layouts/application.html.erb
  Rendering home/index.html.erb within layouts/application
  Rendered home/index.html.erb within layouts/application (Duration: 0.1ms | Allocations: 7)
  Rendered home/_header.html.erb (Duration: 3.8ms | Allocations: 1203)
  Rendered layout layouts/application.html.erb (Duration: 30.8ms | Allocations: 3613)
Completed 500 Internal Server Error in 35ms (Allocations: 3843)


  
ActionView::SyntaxErrorInTemplate (Encountered a syntax error while rendering template: check 
<nav class="navbar navbar-expand-lg bg-dark">
  <div class="container-fluid">

    <%= link_to 'App', root_path, class: "navbar-brand text-light" %> <!--Link do głównej strony-->

    <button class="navbar-toggler" type="button" data-bs-toggle="collapse" data-bs-target="#navbarSupportedContent" aria-controls="navbarSupportedContent" aria-expanded="false" aria-label="Toggle navigation">
      <span class="navbar-toggler-icon"></span>
    </button>
    <div class="collapse navbar-collapse" id="navbarSupportedContent">
      <ul class="navbar-nav me-auto mb-2 mb-lg-0">
        <li class="nav-item">
            <%= link_to 'About', home_about_path class: "nav-link text-light" %> <!--Link do podstrony (folder_plik_path)--> 
        </li>

      </ul>
      <form class="d-flex" role="search">
        <input class="form-control me-2" type="search" placeholder="Search" aria-label="Search">
        <button class="btn btn-outline-light" type="submit">Search</button>
      </form>
    </div>
  </div>
</nav>
):
1:    
2:    <nav class="navbar navbar-expand-lg bg-dark">
3:      <div class="container-fluid">
4:    
5:        <%= link_to 'App', root_path, class: "navbar-brand text-light" %> <!--Link do głównej strony-->
6:    
7:        <button class="navbar-toggler" type="button" data-bs-toggle="collapse" data-bs-target="#navbarSupportedContent" aria-controls="navbarSupportedContent" aria-expanded="false" aria-label="Toggle navigation">
8:          <span class="navbar-toggler-icon"></span>
9:        </button>
10:        <div class="collapse navbar-collapse" id="navbarSupportedContent">
11:          <ul class="navbar-nav me-auto mb-2 mb-lg-0">
12:            <li class="nav-item">
13:                <%= link_to 'About', home_about_path class: "nav-link text-light" %> <!--Link do podstrony (folder_plik_path)--> 
14:            </li>
15:    
16:          </ul>
17:          <form class="d-flex" role="search">
18:            <input class="form-control me-2" type="search" placeholder="Search" aria-label="Search">
19:            <button class="btn btn-outline-light" type="submit">Search</button>
20:          </form>
21:        </div>
22:      </div>
23:    </nav>
  
app/views/home/_header.html.erb:13: syntax error, unexpected label, expecting `do' or '{' or '('
app/views/home/_header.html.erb:13: syntax error, unexpected label, expecting `do' or '{' or '('
app/views/home/_header.html.erb:13: syntax error, unexpected label, expecting `do' or '{' or '('
app/views/home/_header.html.erb:13: syntax error, unexpected label, expecting `do' or '{' or '('
app/views/home/_header.html.erb:13: syntax error, unexpected label, expecting `do' or '{' or '('
app/views/home/_header.html.erb:13: syntax error, unexpected label, expecting `do' or '{' or '('
app/views/layouts/application.html.erb:20
Started GET "/" for 127.0.0.1 at 2022-10-14 15:00:50 +0200
Processing by HomeController#index as HTML
  Rendering layout layouts/application.html.erb
  Rendering home/index.html.erb within layouts/application
  Rendered home/index.html.erb within layouts/application (Duration: 1.9ms | Allocations: 123)
  Rendered home/_header.html.erb (Duration: 15.6ms | Allocations: 1217)
  Rendered layout layouts/application.html.erb (Duration: 43.1ms | Allocations: 4320)
Completed 500 Internal Server Error in 54ms (Allocations: 5100)


  
ActionView::SyntaxErrorInTemplate (Encountered a syntax error while rendering template: check 
<nav class="navbar navbar-expand-lg bg-dark">
  <div class="container-fluid">

    <%= link_to 'App', root_path, class: "navbar-brand text-light" %> <!--Link do głównej strony-->

    <button class="navbar-toggler" type="button" data-bs-toggle="collapse" data-bs-target="#navbarSupportedContent" aria-controls="navbarSupportedContent" aria-expanded="false" aria-label="Toggle navigation">
      <span class="navbar-toggler-icon"></span>
    </button>
    <div class="collapse navbar-collapse" id="navbarSupportedContent">
      <ul class="navbar-nav me-auto mb-2 mb-lg-0">
        <li class="nav-item">
            <%= link_to 'About', _home_about_path class: "nav-link text-light" %> <!--Link do podstrony (folder_plik_path)--> 
        </li>

      </ul>
      <form class="d-flex" role="search">
        <input class="form-control me-2" type="search" placeholder="Search" aria-label="Search">
        <button class="btn btn-outline-light" type="submit">Search</button>
      </form>
    </div>
  </div>
</nav>
):
1:    
2:    <nav class="navbar navbar-expand-lg bg-dark">
3:      <div class="container-fluid">
4:    
5:        <%= link_to 'App', root_path, class: "navbar-brand text-light" %> <!--Link do głównej strony-->
6:    
7:        <button class="navbar-toggler" type="button" data-bs-toggle="collapse" data-bs-target="#navbarSupportedContent" aria-controls="navbarSupportedContent" aria-expanded="false" aria-label="Toggle navigation">
8:          <span class="navbar-toggler-icon"></span>
9:        </button>
10:        <div class="collapse navbar-collapse" id="navbarSupportedContent">
11:          <ul class="navbar-nav me-auto mb-2 mb-lg-0">
12:            <li class="nav-item">
13:                <%= link_to 'About', _home_about_path class: "nav-link text-light" %> <!--Link do podstrony (folder_plik_path)--> 
14:            </li>
15:    
16:          </ul>
17:          <form class="d-flex" role="search">
18:            <input class="form-control me-2" type="search" placeholder="Search" aria-label="Search">
19:            <button class="btn btn-outline-light" type="submit">Search</button>
20:          </form>
21:        </div>
22:      </div>
23:    </nav>
  
app/views/home/_header.html.erb:13: syntax error, unexpected label, expecting `do' or '{' or '('
app/views/home/_header.html.erb:13: syntax error, unexpected label, expecting `do' or '{' or '('
app/views/home/_header.html.erb:13: syntax error, unexpected label, expecting `do' or '{' or '('
app/views/home/_header.html.erb:13: syntax error, unexpected label, expecting `do' or '{' or '('
app/views/home/_header.html.erb:13: syntax error, unexpected label, expecting `do' or '{' or '('
app/views/home/_header.html.erb:13: syntax error, unexpected label, expecting `do' or '{' or '('
app/views/layouts/application.html.erb:20
Started GET "/" for 127.0.0.1 at 2022-10-14 15:00:52 +0200
Processing by HomeController#index as HTML
  Rendering layout layouts/application.html.erb
  Rendering home/index.html.erb within layouts/application
  Rendered home/index.html.erb within layouts/application (Duration: 0.1ms | Allocations: 7)
  Rendered home/_header.html.erb (Duration: 102.1ms | Allocations: 10576)
  Rendered layout layouts/application.html.erb (Duration: 217.4ms | Allocations: 21342)
Completed 500 Internal Server Error in 219ms (Allocations: 21590)


  
ActionView::SyntaxErrorInTemplate (Encountered a syntax error while rendering template: check 
<nav class="navbar navbar-expand-lg bg-dark">
  <div class="container-fluid">

    <%= link_to 'App', root_path, class: "navbar-brand text-light" %> <!--Link do głównej strony-->

    <button class="navbar-toggler" type="button" data-bs-toggle="collapse" data-bs-target="#navbarSupportedContent" aria-controls="navbarSupportedContent" aria-expanded="false" aria-label="Toggle navigation">
      <span class="navbar-toggler-icon"></span>
    </button>
    <div class="collapse navbar-collapse" id="navbarSupportedContent">
      <ul class="navbar-nav me-auto mb-2 mb-lg-0">
        <li class="nav-item">
            <%= link_to 'About', _home_about_path class: "nav-link text-light" %> <!--Link do podstrony (folder_plik_path)--> 
        </li>

      </ul>
      <form class="d-flex" role="search">
        <input class="form-control me-2" type="search" placeholder="Search" aria-label="Search">
        <button class="btn btn-outline-light" type="submit">Search</button>
      </form>
    </div>
  </div>
</nav>
):
1:    
2:    <nav class="navbar navbar-expand-lg bg-dark">
3:      <div class="container-fluid">
4:    
5:        <%= link_to 'App', root_path, class: "navbar-brand text-light" %> <!--Link do głównej strony-->
6:    
7:        <button class="navbar-toggler" type="button" data-bs-toggle="collapse" data-bs-target="#navbarSupportedContent" aria-controls="navbarSupportedContent" aria-expanded="false" aria-label="Toggle navigation">
8:          <span class="navbar-toggler-icon"></span>
9:        </button>
10:        <div class="collapse navbar-collapse" id="navbarSupportedContent">
11:          <ul class="navbar-nav me-auto mb-2 mb-lg-0">
12:            <li class="nav-item">
13:                <%= link_to 'About', _home_about_path class: "nav-link text-light" %> <!--Link do podstrony (folder_plik_path)--> 
14:            </li>
15:    
16:          </ul>
17:          <form class="d-flex" role="search">
18:            <input class="form-control me-2" type="search" placeholder="Search" aria-label="Search">
19:            <button class="btn btn-outline-light" type="submit">Search</button>
20:          </form>
21:        </div>
22:      </div>
23:    </nav>
  
app/views/home/_header.html.erb:13: syntax error, unexpected label, expecting `do' or '{' or '('
app/views/home/_header.html.erb:13: syntax error, unexpected label, expecting `do' or '{' or '('
app/views/home/_header.html.erb:13: syntax error, unexpected label, expecting `do' or '{' or '('
app/views/home/_header.html.erb:13: syntax error, unexpected label, expecting `do' or '{' or '('
app/views/home/_header.html.erb:13: syntax error, unexpected label, expecting `do' or '{' or '('
app/views/home/_header.html.erb:13: syntax error, unexpected label, expecting `do' or '{' or '('
app/views/layouts/application.html.erb:20
Started GET "/" for 127.0.0.1 at 2022-10-17 13:23:23 +0200
Processing by HomeController#index as HTML
  Rendering layout layouts/application.html.erb
  Rendering home/index.html.erb within layouts/application
  Rendered home/index.html.erb within layouts/application (Duration: 10.5ms | Allocations: 335)
  Rendered home/_header.html.erb (Duration: 39.9ms | Allocations: 1556)
  Rendered layout layouts/application.html.erb (Duration: 1464.3ms | Allocations: 36362)
Completed 500 Internal Server Error in 1515ms (ActiveRecord: 0.0ms | Allocations: 39697)


  
ActionView::SyntaxErrorInTemplate (Encountered a syntax error while rendering template: check 
<nav class="navbar navbar-expand-lg bg-dark">
  <div class="container-fluid">

    <%= link_to 'App', root_path, class: "navbar-brand text-light" %> <!--Link do głównej strony-->

    <button class="navbar-toggler" type="button" data-bs-toggle="collapse" data-bs-target="#navbarSupportedContent" aria-controls="navbarSupportedContent" aria-expanded="false" aria-label="Toggle navigation">
      <span class="navbar-toggler-icon"></span>
    </button>
    <div class="collapse navbar-collapse" id="navbarSupportedContent">
      <ul class="navbar-nav me-auto mb-2 mb-lg-0">
        <li class="nav-item">
            <%= link_to 'About', home_about_path class: "nav-link text-light" %> <!--Link do podstrony (folder_plik_path)--> 
        </li>
        <li class="nav-item">
            <%= link_to 'Friends', home_friends_path class: "nav-link text-light" %> <!--Link do podstrony (folder_plik_path)--> 
        </li>

      </ul>
      <form class="d-flex" role="search">
        <input class="form-control me-2" type="search" placeholder="Search" aria-label="Search">
        <button class="btn btn-outline-light" type="submit">Search</button>
      </form>
    </div>
  </div>
</nav>
):
1:    
2:    <nav class="navbar navbar-expand-lg bg-dark">
3:      <div class="container-fluid">
4:    
5:        <%= link_to 'App', root_path, class: "navbar-brand text-light" %> <!--Link do głównej strony-->
6:    
7:        <button class="navbar-toggler" type="button" data-bs-toggle="collapse" data-bs-target="#navbarSupportedContent" aria-controls="navbarSupportedContent" aria-expanded="false" aria-label="Toggle navigation">
8:          <span class="navbar-toggler-icon"></span>
9:        </button>
10:        <div class="collapse navbar-collapse" id="navbarSupportedContent">
11:          <ul class="navbar-nav me-auto mb-2 mb-lg-0">
12:            <li class="nav-item">
13:                <%= link_to 'About', home_about_path class: "nav-link text-light" %> <!--Link do podstrony (folder_plik_path)--> 
14:            </li>
15:            <li class="nav-item">
16:                <%= link_to 'Friends', home_friends_path class: "nav-link text-light" %> <!--Link do podstrony (folder_plik_path)--> 
17:            </li>
18:    
19:          </ul>
20:          <form class="d-flex" role="search">
21:            <input class="form-control me-2" type="search" placeholder="Search" aria-label="Search">
22:            <button class="btn btn-outline-light" type="submit">Search</button>
23:          </form>
24:        </div>
25:      </div>
26:    </nav>
  
app/views/home/_header.html.erb:13: syntax error, unexpected label, expecting `do' or '{' or '('
app/views/home/_header.html.erb:16: syntax error, unexpected label, expecting `do' or '{' or '('
app/views/home/_header.html.erb:13: syntax error, unexpected label, expecting `do' or '{' or '('
app/views/home/_header.html.erb:16: syntax error, unexpected label, expecting `do' or '{' or '('
app/views/home/_header.html.erb:13: syntax error, unexpected label, expecting `do' or '{' or '('
app/views/home/_header.html.erb:16: syntax error, unexpected label, expecting `do' or '{' or '('
app/views/home/_header.html.erb:13: syntax error, unexpected label, expecting `do' or '{' or '('
app/views/home/_header.html.erb:16: syntax error, unexpected label, expecting `do' or '{' or '('
app/views/home/_header.html.erb:13: syntax error, unexpected label, expecting `do' or '{' or '('
app/views/home/_header.html.erb:16: syntax error, unexpected label, expecting `do' or '{' or '('
app/views/home/_header.html.erb:13: syntax error, unexpected label, expecting `do' or '{' or '('
app/views/home/_header.html.erb:16: syntax error, unexpected label, expecting `do' or '{' or '('
app/views/layouts/application.html.erb:20
Started GET "/" for 127.0.0.1 at 2022-10-17 13:25:43 +0200
Processing by HomeController#index as HTML
  Rendering layout layouts/application.html.erb
  Rendering home/index.html.erb within layouts/application
  Rendered home/index.html.erb within layouts/application (Duration: 1.9ms | Allocations: 123)
  Rendered home/_header.html.erb (Duration: 4.9ms | Allocations: 404)
  Rendered layout layouts/application.html.erb (Duration: 39.3ms | Allocations: 3414)
Completed 200 OK in 51ms (Views: 46.1ms | ActiveRecord: 0.0ms | Allocations: 4302)


Started GET "/home/about" for 127.0.0.1 at 2022-10-17 13:25:49 +0200
Processing by HomeController#about as HTML
  Rendering layout layouts/application.html.erb
  Rendering home/about.html.erb within layouts/application
  Rendered home/about.html.erb within layouts/application (Duration: 2.9ms | Allocations: 94)
  Rendered home/_header.html.erb (Duration: 1.5ms | Allocations: 130)
  Rendered layout layouts/application.html.erb (Duration: 28.2ms | Allocations: 2673)
Completed 200 OK in 40ms (Views: 33.2ms | ActiveRecord: 0.0ms | Allocations: 3012)


Started GET "/" for 127.0.0.1 at 2022-10-17 13:25:50 +0200
Processing by HomeController#index as HTML
  Rendering layout layouts/application.html.erb
  Rendering home/index.html.erb within layouts/application
  Rendered home/index.html.erb within layouts/application (Duration: 0.1ms | Allocations: 7)
  Rendered home/_header.html.erb (Duration: 0.5ms | Allocations: 130)
  Rendered layout layouts/application.html.erb (Duration: 13.5ms | Allocations: 2538)
Completed 200 OK in 30ms (Views: 20.1ms | ActiveRecord: 0.0ms | Allocations: 2796)


Started GET "/home/friends" for 127.0.0.1 at 2022-10-17 13:25:51 +0200
Processing by HomeController#friends as HTML
  Rendering layout layouts/application.html.erb
  Rendering home/friends.html.erb within layouts/application
  Rendered home/friends.html.erb within layouts/application (Duration: 4.4ms | Allocations: 94)
  Rendered home/_header.html.erb (Duration: 1.1ms | Allocations: 130)
  Rendered layout layouts/application.html.erb (Duration: 22.3ms | Allocations: 2631)
Completed 200 OK in 28ms (Views: 26.5ms | ActiveRecord: 0.0ms | Allocations: 2892)


  [1m[35m (8.5ms)[0m  [1m[35mCREATE TABLE "schema_migrations" ("version" varchar NOT NULL PRIMARY KEY)[0m
  [1m[35m (5.9ms)[0m  [1m[35mCREATE TABLE "ar_internal_metadata" ("key" varchar NOT NULL PRIMARY KEY, "value" varchar, "created_at" datetime(6) NOT NULL, "updated_at" datetime(6) NOT NULL)[0m
  [1m[36mActiveRecord::SchemaMigration Pluck (0.3ms)[0m  [1m[34mSELECT "schema_migrations"."version" FROM "schema_migrations" ORDER BY "schema_migrations"."version" ASC[0m
Migrating to CreateFriends (20221017122645)
  [1m[36mTRANSACTION (0.2ms)[0m  [1m[36mbegin transaction[0m
  [1m[35m (1.2ms)[0m  [1m[35mCREATE TABLE "friends" ("id" integer PRIMARY KEY AUTOINCREMENT NOT NULL, "first_name" varchar, "email" varchar, "phone" varchar, "twitter" varchar, "created_at" datetime(6) NOT NULL, "updated_at" datetime(6) NOT NULL)[0m
  [1m[36mActiveRecord::SchemaMigration Create (0.5ms)[0m  [1m[32mINSERT INTO "schema_migrations" ("version") VALUES (?)[0m  [["version", "20221017122645"]]
  [1m[36mTRANSACTION (7.5ms)[0m  [1m[36mcommit transaction[0m
  [1m[36mActiveRecord::InternalMetadata Load (0.5ms)[0m  [1m[34mSELECT "ar_internal_metadata".* FROM "ar_internal_metadata" WHERE "ar_internal_metadata"."key" = ? LIMIT ?[0m  [["key", "environment"], ["LIMIT", 1]]
  [1m[36mTRANSACTION (0.1ms)[0m  [1m[36mbegin transaction[0m
  [1m[36mActiveRecord::InternalMetadata Create (0.5ms)[0m  [1m[32mINSERT INTO "ar_internal_metadata" ("key", "value", "created_at", "updated_at") VALUES (?, ?, ?, ?)[0m  [["key", "environment"], ["value", "development"], ["created_at", "2022-10-17 12:35:45.892135"], ["updated_at", "2022-10-17 12:35:45.892135"]]
  [1m[36mTRANSACTION (4.1ms)[0m  [1m[36mcommit transaction[0m
  [1m[36mActiveRecord::SchemaMigration Pluck (0.2ms)[0m  [1m[34mSELECT "schema_migrations"."version" FROM "schema_migrations" ORDER BY "schema_migrations"."version" ASC[0m
Started GET "/home/friends" for 127.0.0.1 at 2022-10-17 14:38:24 +0200
  [1m[36mActiveRecord::SchemaMigration Pluck (0.5ms)[0m  [1m[34mSELECT "schema_migrations"."version" FROM "schema_migrations" ORDER BY "schema_migrations"."version" ASC[0m
Processing by HomeController#friends as HTML
  Rendering layout layouts/application.html.erb
  Rendering home/friends.html.erb within layouts/application
  Rendered home/friends.html.erb within layouts/application (Duration: 4.8ms | Allocations: 330)
  Rendered home/_header.html.erb (Duration: 5.9ms | Allocations: 414)
  Rendered layout layouts/application.html.erb (Duration: 790.5ms | Allocations: 35918)
Completed 200 OK in 843ms (Views: 806.3ms | ActiveRecord: 0.0ms | Allocations: 39322)


Started GET "/home/friends" for 127.0.0.1 at 2022-10-17 14:38:31 +0200
Processing by HomeController#friends as HTML
  Rendering layout layouts/application.html.erb
  Rendering home/friends.html.erb within layouts/application
  Rendered home/friends.html.erb within layouts/application (Duration: 0.1ms | Allocations: 9)
  Rendered home/_header.html.erb (Duration: 0.5ms | Allocations: 142)
  Rendered layout layouts/application.html.erb (Duration: 16.8ms | Allocations: 2666)
Completed 200 OK in 22ms (Views: 20.1ms | ActiveRecord: 0.0ms | Allocations: 2988)


Started GET "/" for 127.0.0.1 at 2022-10-17 14:38:34 +0200
Processing by HomeController#index as HTML
  Rendering layout layouts/application.html.erb
  Rendering home/index.html.erb within layouts/application
  Rendered home/index.html.erb within layouts/application (Duration: 7.1ms | Allocations: 117)
  Rendered home/_header.html.erb (Duration: 0.5ms | Allocations: 130)
  Rendered layout layouts/application.html.erb (Duration: 23.0ms | Allocations: 2654)
Completed 200 OK in 28ms (Views: 26.6ms | ActiveRecord: 0.0ms | Allocations: 2993)


Started GET "/home/about" for 127.0.0.1 at 2022-10-17 14:38:35 +0200
Processing by HomeController#about as HTML
  Rendering layout layouts/application.html.erb
  Rendering home/about.html.erb within layouts/application
  Rendered home/about.html.erb within layouts/application (Duration: 2.6ms | Allocations: 94)
  Rendered home/_header.html.erb (Duration: 1.1ms | Allocations: 130)
  Rendered layout layouts/application.html.erb (Duration: 17.6ms | Allocations: 2630)
Completed 200 OK in 26ms (Views: 19.2ms | ActiveRecord: 0.0ms | Allocations: 2942)


Started GET "/home/friends" for 127.0.0.1 at 2022-10-17 14:38:35 +0200
Processing by HomeController#friends as HTML
  Rendering layout layouts/application.html.erb
  Rendering home/friends.html.erb within layouts/application
  Rendered home/friends.html.erb within layouts/application (Duration: 0.1ms | Allocations: 7)
  Rendered home/_header.html.erb (Duration: 0.5ms | Allocations: 130)
  Rendered layout layouts/application.html.erb (Duration: 19.4ms | Allocations: 2523)
Completed 200 OK in 22ms (Views: 20.8ms | ActiveRecord: 0.0ms | Allocations: 2781)


Started GET "/" for 127.0.0.1 at 2022-10-17 14:38:41 +0200
Processing by HomeController#index as HTML
  Rendering layout layouts/application.html.erb
  Rendering home/index.html.erb within layouts/application
  Rendered home/index.html.erb within layouts/application (Duration: 0.1ms | Allocations: 7)
  Rendered home/_header.html.erb (Duration: 0.5ms | Allocations: 130)
  Rendered layout layouts/application.html.erb (Duration: 19.5ms | Allocations: 2524)
Completed 200 OK in 28ms (Views: 27.4ms | ActiveRecord: 0.0ms | Allocations: 2786)


Started GET "/home/friends" for 127.0.0.1 at 2022-10-17 14:41:35 +0200
Processing by HomeController#friends as HTML
  Rendering layout layouts/application.html.erb
  Rendering home/friends.html.erb within layouts/application
  Rendered home/friends.html.erb within layouts/application (Duration: 0.1ms | Allocations: 7)
  Rendered home/_header.html.erb (Duration: 0.5ms | Allocations: 130)
  Rendered layout layouts/application.html.erb (Duration: 27.4ms | Allocations: 2535)
Completed 200 OK in 30ms (Views: 28.9ms | ActiveRecord: 0.0ms | Allocations: 2793)


Started GET "/home/friend" for 127.0.0.1 at 2022-10-17 14:42:03 +0200
  
ActionController::RoutingError (No route matches [GET] "/home/friend"):
  
Started GET "/home/friends" for 127.0.0.1 at 2022-10-17 14:42:08 +0200
Processing by HomeController#friends as HTML
  Rendering layout layouts/application.html.erb
  Rendering home/friends.html.erb within layouts/application
  Rendered home/friends.html.erb within layouts/application (Duration: 0.1ms | Allocations: 7)
  Rendered home/_header.html.erb (Duration: 3.7ms | Allocations: 141)
  Rendered layout layouts/application.html.erb (Duration: 16.1ms | Allocations: 2730)
Completed 200 OK in 23ms (Views: 21.7ms | ActiveRecord: 0.0ms | Allocations: 3025)


Started GET "/friends" for 127.0.0.1 at 2022-10-17 14:42:18 +0200
Processing by FriendsController#index as HTML
  Rendering layout layouts/application.html.erb
  Rendering friends/index.html.erb within layouts/application
  [1m[36mFriend Load (0.3ms)[0m  [1m[34mSELECT "friends".* FROM "friends"[0m
  ↳ app/views/friends/index.html.erb:6
  Rendered friends/index.html.erb within layouts/application (Duration: 11.2ms | Allocations: 1313)
  Rendered home/_header.html.erb (Duration: 0.7ms | Allocations: 133)
  Rendered layout layouts/application.html.erb (Duration: 28.1ms | Allocations: 3903)
Completed 200 OK in 45ms (Views: 31.4ms | ActiveRecord: 0.3ms | Allocations: 5522)


Started GET "/friends/new" for 127.0.0.1 at 2022-10-17 14:42:23 +0200
Processing by FriendsController#new as HTML
  Rendering layout layouts/application.html.erb
  Rendering friends/new.html.erb within layouts/application
  Rendered friends/_form.html.erb (Duration: 47.6ms | Allocations: 5027)
  Rendered friends/new.html.erb within layouts/application (Duration: 50.8ms | Allocations: 5355)
  Rendered home/_header.html.erb (Duration: 0.6ms | Allocations: 122)
  Rendered layout layouts/application.html.erb (Duration: 91.5ms | Allocations: 7849)
Completed 200 OK in 125ms (Views: 92.9ms | ActiveRecord: 1.9ms | Allocations: 13562)


Started GET "/friends" for 127.0.0.1 at 2022-10-17 14:42:32 +0200
Processing by FriendsController#index as HTML
  Rendering layout layouts/application.html.erb
  Rendering friends/index.html.erb within layouts/application
  [1m[36mFriend Load (0.3ms)[0m  [1m[34mSELECT "friends".* FROM "friends"[0m
  ↳ app/views/friends/index.html.erb:6
  Rendered friends/index.html.erb within layouts/application (Duration: 8.2ms | Allocations: 815)
  Rendered home/_header.html.erb (Duration: 0.5ms | Allocations: 121)
  Rendered layout layouts/application.html.erb (Duration: 32.4ms | Allocations: 3177)
Completed 200 OK in 36ms (Views: 33.8ms | ActiveRecord: 0.3ms | Allocations: 3492)


Started GET "/friends/new" for 127.0.0.1 at 2022-10-17 14:42:45 +0200
Processing by FriendsController#new as HTML
  Rendering layout layouts/application.html.erb
  Rendering friends/new.html.erb within layouts/application
  Rendered friends/_form.html.erb (Duration: 43.7ms | Allocations: 1467)
  Rendered friends/new.html.erb within layouts/application (Duration: 44.6ms | Allocations: 1554)
  Rendered home/_header.html.erb (Duration: 1.1ms | Allocations: 120)
  Rendered layout layouts/application.html.erb (Duration: 91.3ms | Allocations: 3913)
Completed 200 OK in 95ms (Views: 93.1ms | ActiveRecord: 0.0ms | Allocations: 4193)


Started POST "/friends" for 127.0.0.1 at 2022-10-17 14:42:53 +0200
Processing by FriendsController#create as TURBO_STREAM
  Parameters: {"authenticity_token"=>"[FILTERED]", "friend"=>{"first_name"=>"qwe", "email"=>"qwweee", "phone"=>"1123344", "twitter"=>"wrrrrewre"}, "commit"=>"Create Friend"}
  [1m[36mTRANSACTION (0.1ms)[0m  [1m[36mbegin transaction[0m
  ↳ app/controllers/friends_controller.rb:27:in `block in create'
  [1m[36mFriend Create (0.7ms)[0m  [1m[32mINSERT INTO "friends" ("first_name", "email", "phone", "twitter", "created_at", "updated_at") VALUES (?, ?, ?, ?, ?, ?)[0m  [["first_name", "qwe"], ["email", "qwweee"], ["phone", "1123344"], ["twitter", "wrrrrewre"], ["created_at", "2022-10-17 12:42:53.371970"], ["updated_at", "2022-10-17 12:42:53.371970"]]
  ↳ app/controllers/friends_controller.rb:27:in `block in create'
  [1m[36mTRANSACTION (4.8ms)[0m  [1m[36mcommit transaction[0m
  ↳ app/controllers/friends_controller.rb:27:in `block in create'
Redirected to http://localhost:3000/friends/1
Completed 302 Found in 31ms (ActiveRecord: 5.6ms | Allocations: 3848)


Started GET "/friends/1" for 127.0.0.1 at 2022-10-17 14:42:53 +0200
Processing by FriendsController#show as TURBO_STREAM
  Parameters: {"id"=>"1"}
  [1m[36mFriend Load (0.4ms)[0m  [1m[34mSELECT "friends".* FROM "friends" WHERE "friends"."id" = ? LIMIT ?[0m  [["id", 1], ["LIMIT", 1]]
  ↳ app/controllers/friends_controller.rb:63:in `set_friend'
  Rendering layout layouts/application.html.erb
  Rendering friends/show.html.erb within layouts/application
  Rendered friends/_friend.html.erb (Duration: 2.7ms | Allocations: 275)
  Rendered friends/show.html.erb within layouts/application (Duration: 14.2ms | Allocations: 1647)
  Rendered home/_header.html.erb (Duration: 0.4ms | Allocations: 120)
  Rendered layout layouts/application.html.erb (Duration: 24.2ms | Allocations: 4111)
Completed 200 OK in 36ms (Views: 25.6ms | ActiveRecord: 0.4ms | Allocations: 6928)


Started GET "/friends" for 127.0.0.1 at 2022-10-17 14:42:57 +0200
Processing by FriendsController#index as HTML
  Rendering layout layouts/application.html.erb
  Rendering friends/index.html.erb within layouts/application
  [1m[36mFriend Load (0.3ms)[0m  [1m[34mSELECT "friends".* FROM "friends"[0m
  ↳ app/views/friends/index.html.erb:6
  Rendered friends/_friend.html.erb (Duration: 0.2ms | Allocations: 23)
  Rendered friends/index.html.erb within layouts/application (Duration: 5.8ms | Allocations: 999)
  Rendered home/_header.html.erb (Duration: 0.7ms | Allocations: 120)
  Rendered layout layouts/application.html.erb (Duration: 14.9ms | Allocations: 3366)
Completed 200 OK in 20ms (Views: 18.8ms | ActiveRecord: 0.3ms | Allocations: 3671)


Started GET "/friends" for 127.0.0.1 at 2022-10-17 14:43:16 +0200
Processing by FriendsController#index as HTML
  Rendering layout layouts/application.html.erb
  Rendering friends/index.html.erb within layouts/application
  [1m[36mFriend Load (0.5ms)[0m  [1m[34mSELECT "friends".* FROM "friends"[0m
  ↳ app/views/friends/index.html.erb:6
  Rendered friends/_friend.html.erb (Duration: 0.2ms | Allocations: 23)
  Rendered friends/index.html.erb within layouts/application (Duration: 9.4ms | Allocations: 789)
  Rendered home/_header.html.erb (Duration: 0.6ms | Allocations: 120)
  Rendered layout layouts/application.html.erb (Duration: 29.6ms | Allocations: 3171)
Completed 200 OK in 33ms (Views: 31.1ms | ActiveRecord: 0.5ms | Allocations: 3439)


Started GET "/friends" for 127.0.0.1 at 2022-10-17 14:43:25 +0200
Processing by FriendsController#index as HTML
  Rendering layout layouts/application.html.erb
  Rendering friends/index.html.erb within layouts/application
  [1m[36mFriend Load (0.3ms)[0m  [1m[34mSELECT "friends".* FROM "friends"[0m
  ↳ app/views/friends/index.html.erb:6
  Rendered friends/_friend.html.erb (Duration: 0.3ms | Allocations: 23)
  Rendered friends/index.html.erb within layouts/application (Duration: 12.2ms | Allocations: 890)
  Rendered home/_header.html.erb (Duration: 0.7ms | Allocations: 120)
  Rendered layout layouts/application.html.erb (Duration: 31.6ms | Allocations: 3249)
Completed 200 OK in 35ms (Views: 32.9ms | ActiveRecord: 0.3ms | Allocations: 3517)


Started GET "/friends/1" for 127.0.0.1 at 2022-10-17 14:43:30 +0200
Processing by FriendsController#show as HTML
  Parameters: {"id"=>"1"}
  [1m[36mFriend Load (0.2ms)[0m  [1m[34mSELECT "friends".* FROM "friends" WHERE "friends"."id" = ? LIMIT ?[0m  [["id", 1], ["LIMIT", 1]]
  ↳ app/controllers/friends_controller.rb:63:in `set_friend'
  Rendering layout layouts/application.html.erb
  Rendering friends/show.html.erb within layouts/application
  Rendered friends/_friend.html.erb (Duration: 0.2ms | Allocations: 23)
  Rendered friends/show.html.erb within layouts/application (Duration: 3.4ms | Allocations: 564)
  Rendered home/_header.html.erb (Duration: 1.0ms | Allocations: 120)
  Rendered layout layouts/application.html.erb (Duration: 13.1ms | Allocations: 2915)
Completed 200 OK in 21ms (Views: 15.6ms | ActiveRecord: 0.2ms | Allocations: 3673)


Started GET "/friends" for 127.0.0.1 at 2022-10-17 14:43:32 +0200
Processing by FriendsController#index as HTML
  Rendering layout layouts/application.html.erb
  Rendering friends/index.html.erb within layouts/application
  [1m[36mFriend Load (0.2ms)[0m  [1m[34mSELECT "friends".* FROM "friends"[0m
  ↳ app/views/friends/index.html.erb:6
  Rendered friends/_friend.html.erb (Duration: 0.3ms | Allocations: 23)
  Rendered friends/index.html.erb within layouts/application (Duration: 17.4ms | Allocations: 892)
  Rendered home/_header.html.erb (Duration: 0.7ms | Allocations: 120)
  Rendered layout layouts/application.html.erb (Duration: 34.8ms | Allocations: 3251)
Completed 200 OK in 38ms (Views: 36.2ms | ActiveRecord: 0.2ms | Allocations: 3521)


Started GET "/friends" for 127.0.0.1 at 2022-10-17 14:43:57 +0200
Processing by FriendsController#index as HTML
  Rendering layout layouts/application.html.erb
  Rendering friends/index.html.erb within layouts/application
  [1m[36mFriend Load (0.2ms)[0m  [1m[34mSELECT "friends".* FROM "friends"[0m
  ↳ app/views/friends/index.html.erb:6
  Rendered friends/_friend.html.erb (Duration: 0.2ms | Allocations: 23)
  Rendered friends/index.html.erb within layouts/application (Duration: 5.3ms | Allocations: 892)
  Rendered home/_header.html.erb (Duration: 0.4ms | Allocations: 120)
  Rendered layout layouts/application.html.erb (Duration: 26.8ms | Allocations: 3251)
Completed 200 OK in 35ms (Views: 28.6ms | ActiveRecord: 0.2ms | Allocations: 3519)


Started GET "/friends/new" for 127.0.0.1 at 2022-10-17 14:45:05 +0200
Processing by FriendsController#new as HTML
  Rendering layout layouts/application.html.erb
  Rendering friends/new.html.erb within layouts/application
  Rendered friends/_form.html.erb (Duration: 6.9ms | Allocations: 1492)
  Rendered friends/new.html.erb within layouts/application (Duration: 7.6ms | Allocations: 1579)
  Rendered home/_header.html.erb (Duration: 0.5ms | Allocations: 120)
  Rendered layout layouts/application.html.erb (Duration: 17.8ms | Allocations: 3938)
Completed 200 OK in 21ms (Views: 20.1ms | ActiveRecord: 0.0ms | Allocations: 4216)


Started POST "/friends" for 127.0.0.1 at 2022-10-17 14:45:14 +0200
Processing by FriendsController#create as TURBO_STREAM
  Parameters: {"authenticity_token"=>"[FILTERED]", "friend"=>{"first_name"=>"asdff", "email"=>"gfdgfgdg", "phone"=>"32314", "twitter"=>"rteetertrt"}, "commit"=>"Create Friend"}
  [1m[36mTRANSACTION (0.1ms)[0m  [1m[36mbegin transaction[0m
  ↳ app/controllers/friends_controller.rb:27:in `block in create'
  [1m[36mFriend Create (1.1ms)[0m  [1m[32mINSERT INTO "friends" ("first_name", "email", "phone", "twitter", "created_at", "updated_at") VALUES (?, ?, ?, ?, ?, ?)[0m  [["first_name", "asdff"], ["email", "gfdgfgdg"], ["phone", "32314"], ["twitter", "rteetertrt"], ["created_at", "2022-10-17 12:45:14.576072"], ["updated_at", "2022-10-17 12:45:14.576072"]]
  ↳ app/controllers/friends_controller.rb:27:in `block in create'
  [1m[36mTRANSACTION (7.8ms)[0m  [1m[36mcommit transaction[0m
  ↳ app/controllers/friends_controller.rb:27:in `block in create'
Redirected to http://localhost:3000/friends/2
Completed 302 Found in 30ms (ActiveRecord: 9.0ms | Allocations: 2376)


Started GET "/friends/2" for 127.0.0.1 at 2022-10-17 14:45:14 +0200
Processing by FriendsController#show as TURBO_STREAM
  Parameters: {"id"=>"2"}
  [1m[36mFriend Load (0.3ms)[0m  [1m[34mSELECT "friends".* FROM "friends" WHERE "friends"."id" = ? LIMIT ?[0m  [["id", 2], ["LIMIT", 1]]
  ↳ app/controllers/friends_controller.rb:63:in `set_friend'
  Rendering layout layouts/application.html.erb
  Rendering friends/show.html.erb within layouts/application
  Rendered friends/_friend.html.erb (Duration: 0.3ms | Allocations: 23)
  Rendered friends/show.html.erb within layouts/application (Duration: 4.5ms | Allocations: 577)
  Rendered home/_header.html.erb (Duration: 1.0ms | Allocations: 120)
  Rendered layout layouts/application.html.erb (Duration: 19.7ms | Allocations: 2928)
Completed 200 OK in 37ms (Views: 22.0ms | ActiveRecord: 0.3ms | Allocations: 3664)


Started GET "/friends" for 127.0.0.1 at 2022-10-17 14:45:16 +0200
Processing by FriendsController#index as HTML
  Rendering layout layouts/application.html.erb
  Rendering friends/index.html.erb within layouts/application
  [1m[36mFriend Load (0.2ms)[0m  [1m[34mSELECT "friends".* FROM "friends"[0m
  ↳ app/views/friends/index.html.erb:6
  Rendered friends/_friend.html.erb (Duration: 0.2ms | Allocations: 23)
  Rendered friends/_friend.html.erb (Duration: 0.2ms | Allocations: 22)
  Rendered friends/index.html.erb within layouts/application (Duration: 5.6ms | Allocations: 1021)
  Rendered home/_header.html.erb (Duration: 0.5ms | Allocations: 120)
  Rendered layout layouts/application.html.erb (Duration: 17.1ms | Allocations: 3380)
Completed 200 OK in 20ms (Views: 18.6ms | ActiveRecord: 0.2ms | Allocations: 3650)


Started GET "/friends" for 127.0.0.1 at 2022-10-17 14:46:19 +0200
Processing by FriendsController#index as HTML
  Rendering layout layouts/application.html.erb
  Rendering friends/index.html.erb within layouts/application
  [1m[36mFriend Load (0.2ms)[0m  [1m[34mSELECT "friends".* FROM "friends"[0m
  ↳ app/views/friends/index.html.erb:6
  Rendered friends/_friend.html.erb (Duration: 1.8ms | Allocations: 222)
  Rendered friends/_friend.html.erb (Duration: 0.2ms | Allocations: 22)
  Rendered friends/index.html.erb within layouts/application (Duration: 16.1ms | Allocations: 1751)
  Rendered home/_header.html.erb (Duration: 2.8ms | Allocations: 377)
  Rendered layout layouts/application.html.erb (Duration: 43.9ms | Allocations: 4858)
Completed 200 OK in 55ms (Views: 51.8ms | ActiveRecord: 0.2ms | Allocations: 5706)


Started GET "/friends" for 127.0.0.1 at 2022-10-17 14:46:21 +0200
Processing by FriendsController#index as HTML
  Rendering layout layouts/application.html.erb
  Rendering friends/index.html.erb within layouts/application
  [1m[36mFriend Load (0.3ms)[0m  [1m[34mSELECT "friends".* FROM "friends"[0m
  ↳ app/views/friends/index.html.erb:6
  Rendered friends/_friend.html.erb (Duration: 0.2ms | Allocations: 23)
  Rendered friends/_friend.html.erb (Duration: 0.4ms | Allocations: 22)
  Rendered friends/index.html.erb within layouts/application (Duration: 56.8ms | Allocations: 1021)
  Rendered home/_header.html.erb (Duration: 2.7ms | Allocations: 158)
  Rendered layout layouts/application.html.erb (Duration: 85.4ms | Allocations: 3431)
Completed 200 OK in 88ms (Views: 87.0ms | ActiveRecord: 0.3ms | Allocations: 3725)


Started GET "/home/friends" for 127.0.0.1 at 2022-10-17 14:46:23 +0200
Processing by HomeController#friends as HTML
  Rendering layout layouts/application.html.erb
  Rendering home/friends.html.erb within layouts/application
  Rendered home/friends.html.erb within layouts/application (Duration: 0.9ms | Allocations: 123)
  Rendered home/_header.html.erb (Duration: 0.7ms | Allocations: 208)
  Rendered layout layouts/application.html.erb (Duration: 15.8ms | Allocations: 3019)
Completed 200 OK in 21ms (Views: 19.3ms | ActiveRecord: 0.0ms | Allocations: 3644)


Started GET "/friends" for 127.0.0.1 at 2022-10-17 14:46:24 +0200
Processing by FriendsController#index as HTML
  Rendering layout layouts/application.html.erb
  Rendering friends/index.html.erb within layouts/application
  [1m[36mFriend Load (0.3ms)[0m  [1m[34mSELECT "friends".* FROM "friends"[0m
  ↳ app/views/friends/index.html.erb:6
  Rendered friends/_friend.html.erb (Duration: 0.2ms | Allocations: 28)
  Rendered friends/_friend.html.erb (Duration: 0.2ms | Allocations: 22)
  Rendered friends/index.html.erb within layouts/application (Duration: 12.5ms | Allocations: 1121)
  Rendered home/_header.html.erb (Duration: 0.8ms | Allocations: 158)
  Rendered layout layouts/application.html.erb (Duration: 37.8ms | Allocations: 3518)
Completed 200 OK in 41ms (Views: 39.6ms | ActiveRecord: 0.3ms | Allocations: 3811)


Started GET "/friends/1" for 127.0.0.1 at 2022-10-17 14:46:29 +0200
Processing by FriendsController#show as HTML
  Parameters: {"id"=>"1"}
  [1m[36mFriend Load (0.2ms)[0m  [1m[34mSELECT "friends".* FROM "friends" WHERE "friends"."id" = ? LIMIT ?[0m  [["id", 1], ["LIMIT", 1]]
  ↳ app/controllers/friends_controller.rb:63:in `set_friend'
  Rendering layout layouts/application.html.erb
  Rendering friends/show.html.erb within layouts/application
  Rendered friends/_friend.html.erb (Duration: 0.2ms | Allocations: 23)
  Rendered friends/show.html.erb within layouts/application (Duration: 15.0ms | Allocations: 770)
  Rendered home/_header.html.erb (Duration: 0.8ms | Allocations: 158)
  Rendered layout layouts/application.html.erb (Duration: 31.5ms | Allocations: 3159)
Completed 200 OK in 48ms (Views: 34.1ms | ActiveRecord: 0.2ms | Allocations: 4010)


Started GET "/friends" for 127.0.0.1 at 2022-10-17 14:46:31 +0200
Processing by FriendsController#index as HTML
  Rendering layout layouts/application.html.erb
  Rendering friends/index.html.erb within layouts/application
  [1m[36mFriend Load (0.2ms)[0m  [1m[34mSELECT "friends".* FROM "friends"[0m
  ↳ app/views/friends/index.html.erb:6
  Rendered friends/_friend.html.erb (Duration: 0.2ms | Allocations: 23)
  Rendered friends/_friend.html.erb (Duration: 0.3ms | Allocations: 22)
  Rendered friends/index.html.erb within layouts/application (Duration: 7.5ms | Allocations: 1039)
  Rendered home/_header.html.erb (Duration: 1.0ms | Allocations: 158)
  Rendered layout layouts/application.html.erb (Duration: 25.0ms | Allocations: 3440)
Completed 200 OK in 37ms (Views: 35.5ms | ActiveRecord: 0.2ms | Allocations: 3710)


Started GET "/friends" for 127.0.0.1 at 2022-10-17 14:49:39 +0200
Processing by FriendsController#index as HTML
  Rendering layout layouts/application.html.erb
  Rendering friends/index.html.erb within layouts/application
  [1m[36mFriend Load (0.4ms)[0m  [1m[34mSELECT "friends".* FROM "friends"[0m
  ↳ app/views/friends/index.html.erb:6
  Rendered friends/_friend.html.erb (Duration: 1.8ms | Allocations: 286)
  Rendered friends/_friend.html.erb (Duration: 0.2ms | Allocations: 26)
  Rendered friends/index.html.erb within layouts/application (Duration: 11.0ms | Allocations: 1847)
  Rendered home/_header.html.erb (Duration: 2.8ms | Allocations: 375)
  Rendered layout layouts/application.html.erb (Duration: 26.4ms | Allocations: 4955)
Completed 200 OK in 33ms (Views: 30.4ms | ActiveRecord: 0.4ms | Allocations: 5804)


Started GET "/friends" for 127.0.0.1 at 2022-10-17 14:50:22 +0200
Processing by FriendsController#index as HTML
  Rendering layout layouts/application.html.erb
  Rendering friends/index.html.erb within layouts/application
  [1m[36mFriend Load (0.2ms)[0m  [1m[34mSELECT "friends".* FROM "friends"[0m
  ↳ app/views/friends/index.html.erb:6
  Rendered friends/_friend.html.erb (Duration: 8.9ms | Allocations: 287)
  Rendered friends/_friend.html.erb (Duration: 0.2ms | Allocations: 26)
  Rendered friends/index.html.erb within layouts/application (Duration: 17.0ms | Allocations: 1835)
  Rendered home/_header.html.erb (Duration: 6.8ms | Allocations: 375)
  Rendered layout layouts/application.html.erb (Duration: 42.8ms | Allocations: 4940)
Completed 200 OK in 63ms (Views: 60.9ms | ActiveRecord: 0.2ms | Allocations: 5812)


Started GET "/friends" for 127.0.0.1 at 2022-10-17 14:50:26 +0200
Processing by FriendsController#index as HTML
  Rendering layout layouts/application.html.erb
  Rendering friends/index.html.erb within layouts/application
  [1m[36mFriend Load (0.2ms)[0m  [1m[34mSELECT "friends".* FROM "friends"[0m
  ↳ app/views/friends/index.html.erb:6
  Rendered friends/_friend.html.erb (Duration: 0.3ms | Allocations: 27)
  Rendered friends/_friend.html.erb (Duration: 0.2ms | Allocations: 26)
  Rendered friends/index.html.erb within layouts/application (Duration: 6.4ms | Allocations: 1053)
  Rendered home/_header.html.erb (Duration: 0.6ms | Allocations: 158)
  Rendered layout layouts/application.html.erb (Duration: 15.2ms | Allocations: 3450)
Completed 200 OK in 18ms (Views: 16.3ms | ActiveRecord: 0.2ms | Allocations: 3741)


Started GET "/friends" for 127.0.0.1 at 2022-10-17 14:50:45 +0200
Processing by FriendsController#index as HTML
  Rendering layout layouts/application.html.erb
  Rendering friends/index.html.erb within layouts/application
  [1m[36mFriend Load (0.2ms)[0m  [1m[34mSELECT "friends".* FROM "friends"[0m
  ↳ app/views/friends/index.html.erb:6
  Rendered friends/_friend.html.erb (Duration: 0.3ms | Allocations: 27)
  Rendered friends/_friend.html.erb (Duration: 0.2ms | Allocations: 26)
  Rendered friends/index.html.erb within layouts/application (Duration: 9.9ms | Allocations: 1032)
  Rendered home/_header.html.erb (Duration: 2.3ms | Allocations: 158)
  Rendered layout layouts/application.html.erb (Duration: 32.5ms | Allocations: 3429)
Completed 200 OK in 35ms (Views: 33.5ms | ActiveRecord: 0.2ms | Allocations: 3699)


Started GET "/home/friends" for 127.0.0.1 at 2022-10-17 14:50:45 +0200
Processing by HomeController#friends as HTML
  Rendering layout layouts/application.html.erb
  Rendering home/friends.html.erb within layouts/application
  Rendered home/friends.html.erb within layouts/application (Duration: 1.1ms | Allocations: 120)
  Rendered home/_header.html.erb (Duration: 0.7ms | Allocations: 208)
  Rendered layout layouts/application.html.erb (Duration: 14.7ms | Allocations: 3016)
Completed 200 OK in 24ms (Views: 22.3ms | ActiveRecord: 0.0ms | Allocations: 3646)


Started GET "/friends" for 127.0.0.1 at 2022-10-17 14:50:46 +0200
Processing by FriendsController#index as HTML
  Rendering layout layouts/application.html.erb
  Rendering friends/index.html.erb within layouts/application
  [1m[36mFriend Load (0.3ms)[0m  [1m[34mSELECT "friends".* FROM "friends"[0m
  ↳ app/views/friends/index.html.erb:6
  Rendered friends/_friend.html.erb (Duration: 0.2ms | Allocations: 32)
  Rendered friends/_friend.html.erb (Duration: 0.2ms | Allocations: 26)
  Rendered friends/index.html.erb within layouts/application (Duration: 17.4ms | Allocations: 1129)
  Rendered home/_header.html.erb (Duration: 0.7ms | Allocations: 158)
  Rendered layout layouts/application.html.erb (Duration: 43.6ms | Allocations: 3552)
Completed 200 OK in 47ms (Views: 45.7ms | ActiveRecord: 0.3ms | Allocations: 3845)


Started GET "/friends" for 127.0.0.1 at 2022-10-17 14:55:31 +0200
Processing by FriendsController#index as HTML
  Rendering layout layouts/application.html.erb
  Rendering friends/index.html.erb within layouts/application
  [1m[36mFriend Load (0.2ms)[0m  [1m[34mSELECT "friends".* FROM "friends"[0m
  ↳ app/views/friends/index.html.erb:6
  Rendered friends/_friend.html.erb (Duration: 2.2ms | Allocations: 302)
  Rendered friends/_friend.html.erb (Duration: 0.3ms | Allocations: 26)
  Rendered friends/index.html.erb within layouts/application (Duration: 19.7ms | Allocations: 1856)
  Rendered home/_header.html.erb (Duration: 2.0ms | Allocations: 375)
  Rendered layout layouts/application.html.erb (Duration: 45.4ms | Allocations: 4962)
Completed 200 OK in 55ms (Views: 52.1ms | ActiveRecord: 0.2ms | Allocations: 5827)


Started GET "/friends" for 127.0.0.1 at 2022-10-17 14:55:53 +0200
Processing by FriendsController#index as HTML
  Rendering layout layouts/application.html.erb
  Rendering friends/index.html.erb within layouts/application
  [1m[36mFriend Load (0.3ms)[0m  [1m[34mSELECT "friends".* FROM "friends"[0m
  ↳ app/views/friends/index.html.erb:6
  Rendered friends/_friend.html.erb (Duration: 9.0ms | Allocations: 298)
  Rendered friends/_friend.html.erb (Duration: 0.2ms | Allocations: 26)
  Rendered friends/index.html.erb within layouts/application (Duration: 27.2ms | Allocations: 1861)
  Rendered home/_header.html.erb (Duration: 3.1ms | Allocations: 375)
  Rendered layout layouts/application.html.erb (Duration: 44.8ms | Allocations: 4966)
Completed 200 OK in 74ms (Views: 67.4ms | ActiveRecord: 0.3ms | Allocations: 5843)


Started GET "/friends" for 127.0.0.1 at 2022-10-17 14:56:21 +0200
Processing by FriendsController#index as HTML
  Rendering layout layouts/application.html.erb
  Rendering friends/index.html.erb within layouts/application
  [1m[36mFriend Load (0.3ms)[0m  [1m[34mSELECT "friends".* FROM "friends"[0m
  ↳ app/views/friends/index.html.erb:6
  Rendered friends/_friend.html.erb (Duration: 2.4ms | Allocations: 297)
  Rendered friends/_friend.html.erb (Duration: 0.3ms | Allocations: 26)
  Rendered friends/index.html.erb within layouts/application (Duration: 21.8ms | Allocations: 1830)
  Rendered home/_header.html.erb (Duration: 4.4ms | Allocations: 375)
  Rendered layout layouts/application.html.erb (Duration: 50.8ms | Allocations: 4935)
Completed 200 OK in 58ms (Views: 54.7ms | ActiveRecord: 0.3ms | Allocations: 5807)


